Arguments: 
  /usr/bin/node /usr/share/yarn/bin/yarn.js add showdown

PATH: 
  /root/.vscode-server/bin/b37e54c98e1a74ba89e03073e5a3761284e3ffb0/bin:/root/.vscode-server/bin/b37e54c98e1a74ba89e03073e5a3761284e3ffb0/bin:/usr/local/sbin:/usr/local/bin:/usr/sbin:/usr/bin:/root/bin

Yarn version: 
  1.16.0

Node version: 
  10.16.0

Platform: 
  linux x64

Trace: 
  Error: write EPROTO 139620662577024:error:14094410:SSL routines:ssl3_read_bytes:sslv3 alert handshake failure:../deps/openssl/openssl/ssl/record/rec_layer_s3.c:1536:SSL alert number 40
  
      at WriteWrap.afterWrite [as oncomplete] (net.js:788:14)

npm manifest: 
  {
    "name": "memori",
    "version": "0.1.0",
    "private": true,
    "scripts": {
      "serve": "vue-cli-service serve --host 10.21.143.22 --port 8080",
      "build": "vue-cli-service build",
      "lint": "vue-cli-service lint"
    },
    "dependencies": {
      "@mdi/font": "^4.4.95",
      "@mdi/js": "^4.4.95",
      "axios": "^0.19.0",
      "buefy": "^0.8.5",
      "core-js": "^2.6.5",
      "es6-promise": "^4.2.8",
      "font-awesome": "^4.7.0",
      "vue": "^2.6.10",
      "vue-router": "^3.1.3",
      "vuex": "^3.1.1"
    },
    "devDependencies": {
      "@vue/cli-plugin-babel": "^3.11.0",
      "@vue/cli-plugin-eslint": "^3.11.0",
      "@vue/cli-service": "^3.11.0",
      "babel-eslint": "^10.0.1",
      "eslint": "^5.16.0",
      "eslint-plugin-vue": "^5.0.0",
      "vue-template-compiler": "^2.6.10"
    },
    "eslintConfig": {
      "root": true,
      "env": {
        "node": true
      },
      "extends": [
        "plugin:vue/essential",
        "eslint:recommended"
      ],
      "rules": {
        "no-console": "off"
      },
      "parserOptions": {
        "parser": "babel-eslint"
      }
    },
    "postcss": {
      "plugins": {
        "autoprefixer": {}
      }
    },
    "browserslist": [
      "> 1%",
      "last 2 versions"
    ]
  }

yarn manifest: 
  No manifest

Lockfile: 
  No lockfile
